Warning: ignoring unsupported tag `ALLOW_UNICODE_NAMES    =' at line 79, file /home/travis/build/warrior1601/2019_GROUP_33/Doxyfile
Warning: ignoring unsupported tag `OUTPUT_TEXT_DIRECTION  =' at line 102, file /home/travis/build/warrior1601/2019_GROUP_33/Doxyfile
Warning: ignoring unsupported tag `JAVADOC_BANNER         =' at line 208, file /home/travis/build/warrior1601/2019_GROUP_33/Doxyfile
Warning: ignoring unsupported tag `OPTIMIZE_OUTPUT_SLICE  =' at line 306, file /home/travis/build/warrior1601/2019_GROUP_33/Doxyfile
Warning: ignoring unsupported tag `TOC_INCLUDE_HEADINGS   =' at line 345, file /home/travis/build/warrior1601/2019_GROUP_33/Doxyfile
Warning: ignoring unsupported tag `GROUP_NESTED_COMPOUNDS =' at line 402, file /home/travis/build/warrior1601/2019_GROUP_33/Doxyfile
Warning: ignoring unsupported tag `EXTRACT_PRIV_VIRTUAL   =' at line 482, file /home/travis/build/warrior1601/2019_GROUP_33/Doxyfile
Warning: ignoring unsupported tag `HIDE_COMPOUND_REFERENCE=' at line 579, file /home/travis/build/warrior1601/2019_GROUP_33/Doxyfile
Warning: ignoring unsupported tag `WARN_AS_ERROR          =' at line 804, file /home/travis/build/warrior1601/2019_GROUP_33/Doxyfile
Warning: Tag `CLANG_ASSISTED_PARSING' at line 1126 of file /home/travis/build/warrior1601/2019_GROUP_33/Doxyfile belongs to an option that was not enabled at compile time.
To avoid this warning please remove this line from your configuration file, upgrade it using "doxygen -u", or recompile doxygen with this feature enabled.
Warning: Tag `CLANG_OPTIONS' at line 1134 of file /home/travis/build/warrior1601/2019_GROUP_33/Doxyfile belongs to an option that was not enabled at compile time.
To avoid this warning please remove this line from your configuration file, upgrade it using "doxygen -u", or recompile doxygen with this feature enabled.
Warning: ignoring unsupported tag `CLANG_DATABASE_PATH    =' at line 1144, file /home/travis/build/warrior1601/2019_GROUP_33/Doxyfile
Warning: ignoring unsupported tag `HTML_DYNAMIC_MENUS     =' at line 1309, file /home/travis/build/warrior1601/2019_GROUP_33/Doxyfile
Warning: ignoring unsupported tag `FORMULA_MACROFILE      =' at line 1596, file /home/travis/build/warrior1601/2019_GROUP_33/Doxyfile
Warning: ignoring unsupported tag `LATEX_MAKEINDEX_CMD    =' at line 1780, file /home/travis/build/warrior1601/2019_GROUP_33/Doxyfile
Warning: ignoring unsupported tag `LATEX_EXTRA_STYLESHEET =' at line 1847, file /home/travis/build/warrior1601/2019_GROUP_33/Doxyfile
Warning: ignoring unsupported tag `LATEX_TIMESTAMP        =' at line 1914, file /home/travis/build/warrior1601/2019_GROUP_33/Doxyfile
Warning: ignoring unsupported tag `LATEX_EMOJI_DIRECTORY  =' at line 1922, file /home/travis/build/warrior1601/2019_GROUP_33/Doxyfile
Warning: ignoring unsupported tag `RTF_SOURCE_CODE        =' at line 1988, file /home/travis/build/warrior1601/2019_GROUP_33/Doxyfile
Warning: ignoring unsupported tag `MAN_SUBDIR             =' at line 2023, file /home/travis/build/warrior1601/2019_GROUP_33/Doxyfile
Warning: ignoring unsupported tag `XML_NS_MEMB_FILE_SCOPE =' at line 2066, file /home/travis/build/warrior1601/2019_GROUP_33/Doxyfile
Warning: ignoring unsupported tag `DOCBOOK_PROGRAMLISTING =' at line 2093, file /home/travis/build/warrior1601/2019_GROUP_33/Doxyfile
Warning: ignoring unsupported tag `PLANTUML_JAR_PATH      =' at line 2507, file /home/travis/build/warrior1601/2019_GROUP_33/Doxyfile
Warning: ignoring unsupported tag `PLANTUML_CFG_FILE      =' at line 2512, file /home/travis/build/warrior1601/2019_GROUP_33/Doxyfile
Warning: ignoring unsupported tag `PLANTUML_INCLUDE_PATH  =' at line 2517, file /home/travis/build/warrior1601/2019_GROUP_33/Doxyfile
Warning: tag INPUT: input source `..\model\include\' does not exist
Warning: tag INPUT: input source `..\model_viewer\include\' does not exist
warning: source ..\doxy_images\ is not a readable file or directory... skipping.
warning: source ..\model\include is not a readable file or directory... skipping.
warning: source ..\model_viewer\include is not a readable file or directory... skipping.
Searching for include files...
Searching for example files...
Searching for images...
Searching for dot files...
Searching for msc files...
Searching for dia files...
Searching for files to exclude
Searching for files to process...
Reading and parsing tag files
Parsing files
Building group list...
Building directory list...
Building namespace list...
Building file list...
Building class list...
Associating documentation with classes...
Computing nesting relations for classes...
Building example list...
Searching for enumerations...
Searching for documented typedefs...
Searching for members imported via using declarations...
Searching for included using directives...
Searching for documented variables...
Building interface member list...
Building member list...
Searching for friends...
Searching for documented defines...
Computing class inheritance relations...
Computing class usage relations...
Flushing cached template relations that have become invalid...
Creating members for template instances...
Computing class relations...
Add enum values to enums...
Searching for member function documentation...
Building page list...
Search for main page...
Computing page relations...
Determining the scope of groups...
Sorting lists...
Freeing entry tree
Determining which enums are documented
Computing member relations...
Building full member lists recursively...
Adding members to member groups.
Computing member references...
Inheriting documentation...
Generating disk names...
Adding source references...
Adding xrefitems...
Sorting member lists...
Computing dependencies between directories...
Generating citations page...
Counting data structures...
Resolving user defined references...
Finding anchors and sections in the documentation...
Transferring function references...
Combining using relations...
Adding members to index pages...
Generating style sheet...
Generating search indices...
Generating example documentation...
Generating file sources...
Generating file documentation...
Generating page documentation...
Generating group documentation...
Generating class documentation...
Generating namespace index...
Generating graph info page...
Generating directory documentation...
Generating index page...
Generating page index...
Generating module index...
Generating namespace index...
Generating namespace member index...
Generating annotated compound index...
Generating alphabetical compound index...
Generating hierarchical class index...
Generating member index...
Generating file index...
Generating file member index...
Generating example index...
finalizing index lists...
lookup cache used 0/65536 hits=0 misses=0
finished...
